# JRE version: OpenJDK Runtime Environment (Zulu 8.68.0.21-CA-win64) (8.0_362-b09) (build 1.8.0_362-b09)
# Java VM: OpenJDK 64-Bit Server VM (25.362-b09 mixed mode windows-amd64 compressed oops)
Heap:
 PSYoungGen      total 131584K, used 114034K [0x00000000d5580000, 0x00000000ddf00000, 0x0000000100000000)
  eden space 125440K, 86% used [0x00000000d5580000,0x00000000dbf504e0,0x00000000dd000000)
  from space 6144K, 92% used [0x00000000dd180000,0x00000000dd70c5e0,0x00000000dd780000)
  to   space 7680K, 0% used [0x00000000dd780000,0x00000000dd780000,0x00000000ddf00000)
 ParOldGen       total 60928K, used 10031K [0x0000000080000000, 0x0000000083b80000, 0x00000000d5580000)
  object space 60928K, 16% used [0x0000000080000000,0x00000000809cbd78,0x0000000083b80000)
 Metaspace       used 29984K, capacity 30840K, committed 30976K, reserved 1077248K
  class space    used 3545K, capacity 3805K, committed 3840K, reserved 1048576K
GC Heap History (10 events):
Event: 24.266 GC heap before
{Heap before GC invocations=6 (full 0):
 PSYoungGen      total 38400K, used 38368K [0x00000000d5580000, 0x00000000da480000, 0x0000000100000000)
  eden space 33280K, 100% used [0x00000000d5580000,0x00000000d7600000,0x00000000d7600000)
  from space 5120K, 99% used [0x00000000d7600000,0x00000000d7af8220,0x00000000d7b00000)
  to   space 7168K, 0% used [0x00000000d9d80000,0x00000000d9d80000,0x00000000da480000)
 ParOldGen       total 87552K, used 2059K [0x0000000080000000, 0x0000000085580000, 0x00000000d5580000)
  object space 87552K, 2% used [0x0000000080000000,0x0000000080202c28,0x0000000085580000)
 Metaspace       used 17988K, capacity 18278K, committed 18560K, reserved 1064960K
  class space    used 1920K, capacity 2049K, committed 2176K, reserved 1048576K
Event: 24.358 GC heap after
Heap after GC invocations=6 (full 0):
 PSYoungGen      total 72704K, used 6940K [0x00000000d5580000, 0x00000000da680000, 0x0000000100000000)
  eden space 65536K, 0% used [0x00000000d5580000,0x00000000d5580000,0x00000000d9580000)
  from space 7168K, 96% used [0x00000000d9d80000,0x00000000da447340,0x00000000da480000)
  to   space 8192K, 0% used [0x00000000d9580000,0x00000000d9580000,0x00000000d9d80000)
 ParOldGen       total 87552K, used 2059K [0x0000000080000000, 0x0000000085580000, 0x00000000d5580000)
  object space 87552K, 2% used [0x0000000080000000,0x0000000080202c28,0x0000000085580000)
 Metaspace       used 17988K, capacity 18278K, committed 18560K, reserved 1064960K
  class space    used 1920K, capacity 2049K, committed 2176K, reserved 1048576K
}
Event: 29.300 GC heap before
{Heap before GC invocations=7 (full 0):
 PSYoungGen      total 72704K, used 62967K [0x00000000d5580000, 0x00000000da680000, 0x0000000100000000)
  eden space 65536K, 85% used [0x00000000d5580000,0x00000000d8c36c80,0x00000000d9580000)
  from space 7168K, 96% used [0x00000000d9d80000,0x00000000da447340,0x00000000da480000)
  to   space 8192K, 0% used [0x00000000d9580000,0x00000000d9580000,0x00000000d9d80000)
 ParOldGen       total 87552K, used 2059K [0x0000000080000000, 0x0000000085580000, 0x00000000d5580000)
  object space 87552K, 2% used [0x0000000080000000,0x0000000080202c28,0x0000000085580000)
 Metaspace       used 20785K, capacity 21060K, committed 21296K, reserved 1069056K
  class space    used 2296K, capacity 2400K, committed 2432K, reserved 1048576K
Event: 29.326 GC heap after
Heap after GC invocations=7 (full 0):
 PSYoungGen      total 73728K, used 5388K [0x00000000d5580000, 0x00000000de480000, 0x0000000100000000)
  eden space 65536K, 0% used [0x00000000d5580000,0x00000000d5580000,0x00000000d9580000)
  from space 8192K, 65% used [0x00000000d9580000,0x00000000d9ac3108,0x00000000d9d80000)
  to   space 7680K, 0% used [0x00000000ddd00000,0x00000000ddd00000,0x00000000de480000)
 ParOldGen       total 87552K, used 5204K [0x0000000080000000, 0x0000000085580000, 0x00000000d5580000)
  object space 87552K, 5% used [0x0000000080000000,0x00000000805150a0,0x0000000085580000)
 Metaspace       used 20785K, capacity 21060K, committed 21296K, reserved 1069056K
  class space    used 2296K, capacity 2400K, committed 2432K, reserved 1048576K
}
Event: 29.326 GC heap before
{Heap before GC invocations=8 (full 1):
 PSYoungGen      total 73728K, used 5388K [0x00000000d5580000, 0x00000000de480000, 0x0000000100000000)
  eden space 65536K, 0% used [0x00000000d5580000,0x00000000d5580000,0x00000000d9580000)
  from space 8192K, 65% used [0x00000000d9580000,0x00000000d9ac3108,0x00000000d9d80000)
  to   space 7680K, 0% used [0x00000000ddd00000,0x00000000ddd00000,0x00000000de480000)
 ParOldGen       total 87552K, used 5204K [0x0000000080000000, 0x0000000085580000, 0x00000000d5580000)
  object space 87552K, 5% used [0x0000000080000000,0x00000000805150a0,0x0000000085580000)
 Metaspace       used 20785K, capacity 21060K, committed 21296K, reserved 1069056K
  class space    used 2296K, capacity 2400K, committed 2432K, reserved 1048576K
Event: 29.872 GC heap after
Heap after GC invocations=8 (full 1):
 PSYoungGen      total 73728K, used 0K [0x00000000d5580000, 0x00000000de480000, 0x0000000100000000)
  eden space 65536K, 0% used [0x00000000d5580000,0x00000000d5580000,0x00000000d9580000)
  from space 8192K, 0% used [0x00000000d9580000,0x00000000d9580000,0x00000000d9d80000)
  to   space 7680K, 0% used [0x00000000ddd00000,0x00000000ddd00000,0x00000000de480000)
 ParOldGen       total 60928K, used 10015K [0x0000000080000000, 0x0000000083b80000, 0x00000000d5580000)
  object space 60928K, 16% used [0x0000000080000000,0x00000000809c7d78,0x0000000083b80000)
 Metaspace       used 20785K, capacity 21060K, committed 21296K, reserved 1069056K
  class space    used 2296K, capacity 2400K, committed 2432K, reserved 1048576K
}
Event: 33.032 GC heap before
{Heap before GC invocations=9 (full 1):
 PSYoungGen      total 73728K, used 65536K [0x00000000d5580000, 0x00000000de480000, 0x0000000100000000)
  eden space 65536K, 100% used [0x00000000d5580000,0x00000000d9580000,0x00000000d9580000)
  from space 8192K, 0% used [0x00000000d9580000,0x00000000d9580000,0x00000000d9d80000)
  to   space 7680K, 0% used [0x00000000ddd00000,0x00000000ddd00000,0x00000000de480000)
 ParOldGen       total 60928K, used 10015K [0x0000000080000000, 0x0000000083b80000, 0x00000000d5580000)
  object space 60928K, 16% used [0x0000000080000000,0x00000000809c7d78,0x0000000083b80000)
 Metaspace       used 22718K, capacity 23042K, committed 23424K, reserved 1071104K
  class space    used 2507K, capacity 2650K, committed 2688K, reserved 1048576K
Event: 33.040 GC heap after
Heap after GC invocations=9 (full 1):
 PSYoungGen      total 101888K, used 3139K [0x00000000d5580000, 0x00000000de080000, 0x0000000100000000)
  eden space 98304K, 0% used [0x00000000d5580000,0x00000000d5580000,0x00000000db580000)
  from space 3584K, 87% used [0x00000000ddd00000,0x00000000de010e10,0x00000000de080000)
  to   space 7680K, 0% used [0x00000000dd180000,0x00000000dd180000,0x00000000dd900000)
 ParOldGen       total 60928K, used 10023K [0x0000000080000000, 0x0000000083b80000, 0x00000000d5580000)
  object space 60928K, 16% used [0x0000000080000000,0x00000000809c9d78,0x0000000083b80000)
 Metaspace       used 22718K, capacity 23042K, committed 23424K, reserved 1071104K
  class space    used 2507K, capacity 2650K, committed 2688K, reserved 1048576K
}
Event: 36.796 GC heap before
{Heap before GC invocations=10 (full 1):
 PSYoungGen      total 101888K, used 101443K [0x00000000d5580000, 0x00000000de080000, 0x0000000100000000)
  eden space 98304K, 100% used [0x00000000d5580000,0x00000000db580000,0x00000000db580000)
  from space 3584K, 87% used [0x00000000ddd00000,0x00000000de010e10,0x00000000de080000)
  to   space 7680K, 0% used [0x00000000dd180000,0x00000000dd180000,0x00000000dd900000)
 ParOldGen       total 60928K, used 10023K [0x0000000080000000, 0x0000000083b80000, 0x00000000d5580000)
  object space 60928K, 16% used [0x0000000080000000,0x00000000809c9d78,0x0000000083b80000)
 Metaspace       used 23225K, capacity 23544K, committed 23936K, reserved 1071104K
  class space    used 2541K, capacity 2688K, committed 2688K, reserved 1048576K
Event: 36.819 GC heap after
Heap after GC invocations=10 (full 1):
 PSYoungGen      total 131584K, used 5681K [0x00000000d5580000, 0x00000000ddf00000, 0x0000000100000000)
  eden space 125440K, 0% used [0x00000000d5580000,0x00000000d5580000,0x00000000dd000000)
  from space 6144K, 92% used [0x00000000dd180000,0x00000000dd70c5e0,0x00000000dd780000)
  to   space 7680K, 0% used [0x00000000dd780000,0x00000000dd780000,0x00000000ddf00000)
 ParOldGen       total 60928K, used 10031K [0x0000000080000000, 0x0000000083b80000, 0x00000000d5580000)
  object space 60928K, 16% used [0x0000000080000000,0x00000000809cbd78,0x0000000083b80000)
 Metaspace       used 23225K, capacity 23544K, committed 23936K, reserved 1071104K
  class space    used 2541K, capacity 2688K, committed 2688K, reserved 1048576K
}

