# JRE version: OpenJDK Runtime Environment (Zulu 8.68.0.21-CA-win64) (8.0_362-b09) (build 1.8.0_362-b09)
# Java VM: OpenJDK 64-Bit Server VM (25.362-b09 mixed mode windows-amd64 compressed oops)
Heap:
 PSYoungGen      total 71680K, used 55356K [0x00000000d5580000, 0x00000000da080000, 0x0000000100000000)
  eden space 66560K, 75% used [0x00000000d5580000,0x00000000d868f270,0x00000000d9680000)
  from space 5120K, 100% used [0x00000000d9680000,0x00000000d9b80000,0x00000000d9b80000)
  to   space 5120K, 0% used [0x00000000d9b80000,0x00000000d9b80000,0x00000000da080000)
 ParOldGen       total 61440K, used 10838K [0x0000000080000000, 0x0000000083c00000, 0x00000000d5580000)
  object space 61440K, 17% used [0x0000000080000000,0x0000000080a95a18,0x0000000083c00000)
 Metaspace       used 26246K, capacity 26562K, committed 27008K, reserved 1073152K
  class space    used 3004K, capacity 3118K, committed 3200K, reserved 1048576K
GC Heap History (10 events):
Event: 14.233 GC heap before
{Heap before GC invocations=6 (full 0):
 PSYoungGen      total 71680K, used 43472K [0x00000000d5580000, 0x00000000da080000, 0x0000000100000000)
  eden space 66560K, 57% used [0x00000000d5580000,0x00000000d7af4230,0x00000000d9680000)
  from space 5120K, 99% used [0x00000000d9680000,0x00000000d9b7ffe0,0x00000000d9b80000)
  to   space 5120K, 0% used [0x00000000d9b80000,0x00000000d9b80000,0x00000000da080000)
 ParOldGen       total 87552K, used 3890K [0x0000000080000000, 0x0000000085580000, 0x00000000d5580000)
  object space 87552K, 4% used [0x0000000080000000,0x00000000803ccb08,0x0000000085580000)
 Metaspace       used 20351K, capacity 20618K, committed 20864K, reserved 1071104K
  class space    used 2265K, capacity 2381K, committed 2432K, reserved 1048576K
Event: 14.243 GC heap after
Heap after GC invocations=6 (full 0):
 PSYoungGen      total 71680K, used 5116K [0x00000000d5580000, 0x00000000da080000, 0x0000000100000000)
  eden space 66560K, 0% used [0x00000000d5580000,0x00000000d5580000,0x00000000d9680000)
  from space 5120K, 99% used [0x00000000d9b80000,0x00000000da07f170,0x00000000da080000)
  to   space 5120K, 0% used [0x00000000d9680000,0x00000000d9680000,0x00000000d9b80000)
 ParOldGen       total 87552K, used 6053K [0x0000000080000000, 0x0000000085580000, 0x00000000d5580000)
  object space 87552K, 6% used [0x0000000080000000,0x00000000805e9478,0x0000000085580000)
 Metaspace       used 20351K, capacity 20618K, committed 20864K, reserved 1071104K
  class space    used 2265K, capacity 2381K, committed 2432K, reserved 1048576K
}
Event: 14.243 GC heap before
{Heap before GC invocations=7 (full 1):
 PSYoungGen      total 71680K, used 5116K [0x00000000d5580000, 0x00000000da080000, 0x0000000100000000)
  eden space 66560K, 0% used [0x00000000d5580000,0x00000000d5580000,0x00000000d9680000)
  from space 5120K, 99% used [0x00000000d9b80000,0x00000000da07f170,0x00000000da080000)
  to   space 5120K, 0% used [0x00000000d9680000,0x00000000d9680000,0x00000000d9b80000)
 ParOldGen       total 87552K, used 6053K [0x0000000080000000, 0x0000000085580000, 0x00000000d5580000)
  object space 87552K, 6% used [0x0000000080000000,0x00000000805e9478,0x0000000085580000)
 Metaspace       used 20351K, capacity 20618K, committed 20864K, reserved 1071104K
  class space    used 2265K, capacity 2381K, committed 2432K, reserved 1048576K
Event: 14.383 GC heap after
Heap after GC invocations=7 (full 1):
 PSYoungGen      total 71680K, used 0K [0x00000000d5580000, 0x00000000da080000, 0x0000000100000000)
  eden space 66560K, 0% used [0x00000000d5580000,0x00000000d5580000,0x00000000d9680000)
  from space 5120K, 0% used [0x00000000d9b80000,0x00000000d9b80000,0x00000000da080000)
  to   space 5120K, 0% used [0x00000000d9680000,0x00000000d9680000,0x00000000d9b80000)
 ParOldGen       total 61440K, used 8690K [0x0000000080000000, 0x0000000083c00000, 0x00000000d5580000)
  object space 61440K, 14% used [0x0000000080000000,0x000000008087c990,0x0000000083c00000)
 Metaspace       used 20351K, capacity 20618K, committed 20864K, reserved 1069056K
  class space    used 2265K, capacity 2381K, committed 2432K, reserved 1048576K
}
Event: 16.251 GC heap before
{Heap before GC invocations=8 (full 1):
 PSYoungGen      total 71680K, used 66560K [0x00000000d5580000, 0x00000000da080000, 0x0000000100000000)
  eden space 66560K, 100% used [0x00000000d5580000,0x00000000d9680000,0x00000000d9680000)
  from space 5120K, 0% used [0x00000000d9b80000,0x00000000d9b80000,0x00000000da080000)
  to   space 5120K, 0% used [0x00000000d9680000,0x00000000d9680000,0x00000000d9b80000)
 ParOldGen       total 61440K, used 8690K [0x0000000080000000, 0x0000000083c00000, 0x00000000d5580000)
  object space 61440K, 14% used [0x0000000080000000,0x000000008087c990,0x0000000083c00000)
 Metaspace       used 22542K, capacity 22882K, committed 23168K, reserved 1069056K
  class space    used 2494K, capacity 2644K, committed 2688K, reserved 1048576K
Event: 16.257 GC heap after
Heap after GC invocations=8 (full 1):
 PSYoungGen      total 71680K, used 3305K [0x00000000d5580000, 0x00000000da080000, 0x0000000100000000)
  eden space 66560K, 0% used [0x00000000d5580000,0x00000000d5580000,0x00000000d9680000)
  from space 5120K, 64% used [0x00000000d9680000,0x00000000d99ba5b0,0x00000000d9b80000)
  to   space 5120K, 0% used [0x00000000d9b80000,0x00000000d9b80000,0x00000000da080000)
 ParOldGen       total 61440K, used 8690K [0x0000000080000000, 0x0000000083c00000, 0x00000000d5580000)
  object space 61440K, 14% used [0x0000000080000000,0x000000008087c990,0x0000000083c00000)
 Metaspace       used 22542K, capacity 22882K, committed 23168K, reserved 1069056K
  class space    used 2494K, capacity 2644K, committed 2688K, reserved 1048576K
}
Event: 17.264 GC heap before
{Heap before GC invocations=9 (full 1):
 PSYoungGen      total 71680K, used 69865K [0x00000000d5580000, 0x00000000da080000, 0x0000000100000000)
  eden space 66560K, 100% used [0x00000000d5580000,0x00000000d9680000,0x00000000d9680000)
  from space 5120K, 64% used [0x00000000d9680000,0x00000000d99ba5b0,0x00000000d9b80000)
  to   space 5120K, 0% used [0x00000000d9b80000,0x00000000d9b80000,0x00000000da080000)
 ParOldGen       total 61440K, used 8690K [0x0000000080000000, 0x0000000083c00000, 0x00000000d5580000)
  object space 61440K, 14% used [0x0000000080000000,0x000000008087c990,0x0000000083c00000)
 Metaspace       used 22941K, capacity 23298K, committed 23680K, reserved 1071104K
  class space    used 2514K, capacity 2650K, committed 2688K, reserved 1048576K
Event: 17.310 GC heap after
Heap after GC invocations=9 (full 1):
 PSYoungGen      total 71680K, used 3282K [0x00000000d5580000, 0x00000000da080000, 0x0000000100000000)
  eden space 66560K, 0% used [0x00000000d5580000,0x00000000d5580000,0x00000000d9680000)
  from space 5120K, 64% used [0x00000000d9b80000,0x00000000d9eb4b68,0x00000000da080000)
  to   space 5120K, 0% used [0x00000000d9680000,0x00000000d9680000,0x00000000d9b80000)
 ParOldGen       total 61440K, used 8690K [0x0000000080000000, 0x0000000083c00000, 0x00000000d5580000)
  object space 61440K, 14% used [0x0000000080000000,0x000000008087c990,0x0000000083c00000)
 Metaspace       used 22941K, capacity 23298K, committed 23680K, reserved 1071104K
  class space    used 2514K, capacity 2650K, committed 2688K, reserved 1048576K
}
Event: 18.726 GC heap before
{Heap before GC invocations=10 (full 1):
 PSYoungGen      total 71680K, used 69842K [0x00000000d5580000, 0x00000000da080000, 0x0000000100000000)
  eden space 66560K, 100% used [0x00000000d5580000,0x00000000d9680000,0x00000000d9680000)
  from space 5120K, 64% used [0x00000000d9b80000,0x00000000d9eb4b68,0x00000000da080000)
  to   space 5120K, 0% used [0x00000000d9680000,0x00000000d9680000,0x00000000d9b80000)
 ParOldGen       total 61440K, used 8690K [0x0000000080000000, 0x0000000083c00000, 0x00000000d5580000)
  object space 61440K, 14% used [0x0000000080000000,0x000000008087c990,0x0000000083c00000)
 Metaspace       used 23702K, capacity 24066K, committed 24320K, reserved 1071104K
  class space    used 2624K, capacity 2754K, committed 2816K, reserved 1048576K
Event: 18.739 GC heap after
Heap after GC invocations=10 (full 1):
 PSYoungGen      total 71680K, used 5120K [0x00000000d5580000, 0x00000000da080000, 0x0000000100000000)
  eden space 66560K, 0% used [0x00000000d5580000,0x00000000d5580000,0x00000000d9680000)
  from space 5120K, 100% used [0x00000000d9680000,0x00000000d9b80000,0x00000000d9b80000)
  to   space 5120K, 0% used [0x00000000d9b80000,0x00000000d9b80000,0x00000000da080000)
 ParOldGen       total 61440K, used 10838K [0x0000000080000000, 0x0000000083c00000, 0x00000000d5580000)
  object space 61440K, 17% used [0x0000000080000000,0x0000000080a95a18,0x0000000083c00000)
 Metaspace       used 23702K, capacity 24066K, committed 24320K, reserved 1071104K
  class space    used 2624K, capacity 2754K, committed 2816K, reserved 1048576K
}

